# JRE version: OpenJDK Runtime Environment (17.0.11) (build 17.0.11+0--11852314)
# Java VM: OpenJDK 64-Bit Server VM (17.0.11+0--11852314, mixed mode, tiered, compressed oops, compressed class ptrs, g1 gc, windows-amd64)
GC Precious Log:
 CPUs: 8 total, 8 available
 Memory: 7932M
 Large Page Support: Disabled
 NUMA Support: Disabled
 Compressed Oops: Enabled (32-bit)
 Heap Region Size: 1M
 Heap Min Capacity: 8M
 Heap Initial Capacity: 124M
 Heap Max Capacity: 1984M
 Pre-touch: Disabled
 Parallel Workers: 8
 Concurrent Workers: 2
 Concurrent Refinement Workers: 8
 Periodic GC: Disabled
Heap:
 garbage-first heap   total 126976K, used 59392K [0x0000000084000000, 0x0000000100000000)
  region size 1024K, 5 young (5120K), 5 survivors (5120K)
 Metaspace       used 77264K, committed 77568K, reserved 1179648K
  class space    used 9009K, committed 9152K, reserved 1048576K
GC Heap History (20 events):
Event: 2.369 GC heap after
{Heap after GC invocations=11 (full 0):
 garbage-first heap   total 68608K, used 29135K [0x0000000084000000, 0x0000000100000000)
  region size 1024K, 5 young (5120K), 5 survivors (5120K)
 Metaspace       used 47233K, committed 47424K, reserved 1114112K
  class space    used 5760K, committed 5824K, reserved 1048576K
}
Event: 2.628 GC heap before
{Heap before GC invocations=11 (full 0):
 garbage-first heap   total 68608K, used 48591K [0x0000000084000000, 0x0000000100000000)
  region size 1024K, 25 young (25600K), 5 survivors (5120K)
 Metaspace       used 48696K, committed 48896K, reserved 1114112K
  class space    used 5927K, committed 6016K, reserved 1048576K
}
Event: 2.637 GC heap after
{Heap after GC invocations=12 (full 0):
 garbage-first heap   total 82944K, used 32738K [0x0000000084000000, 0x0000000100000000)
  region size 1024K, 3 young (3072K), 3 survivors (3072K)
 Metaspace       used 48696K, committed 48896K, reserved 1114112K
  class space    used 5927K, committed 6016K, reserved 1048576K
}
Event: 3.136 GC heap before
{Heap before GC invocations=12 (full 0):
 garbage-first heap   total 82944K, used 60386K [0x0000000084000000, 0x0000000100000000)
  region size 1024K, 30 young (30720K), 3 survivors (3072K)
 Metaspace       used 52484K, committed 52736K, reserved 1114112K
  class space    used 6289K, committed 6400K, reserved 1048576K
}
Event: 3.148 GC heap after
{Heap after GC invocations=13 (full 0):
 garbage-first heap   total 82944K, used 37536K [0x0000000084000000, 0x0000000100000000)
  region size 1024K, 4 young (4096K), 4 survivors (4096K)
 Metaspace       used 52484K, committed 52736K, reserved 1114112K
  class space    used 6289K, committed 6400K, reserved 1048576K
}
Event: 3.409 GC heap before
{Heap before GC invocations=13 (full 0):
 garbage-first heap   total 82944K, used 61088K [0x0000000084000000, 0x0000000100000000)
  region size 1024K, 27 young (27648K), 4 survivors (4096K)
 Metaspace       used 53005K, committed 53248K, reserved 1114112K
  class space    used 6309K, committed 6400K, reserved 1048576K
}
Event: 3.422 GC heap after
{Heap after GC invocations=14 (full 0):
 garbage-first heap   total 82944K, used 42163K [0x0000000084000000, 0x0000000100000000)
  region size 1024K, 4 young (4096K), 4 survivors (4096K)
 Metaspace       used 53005K, committed 53248K, reserved 1114112K
  class space    used 6309K, committed 6400K, reserved 1048576K
}
Event: 3.595 GC heap before
{Heap before GC invocations=14 (full 0):
 garbage-first heap   total 82944K, used 62643K [0x0000000084000000, 0x0000000100000000)
  region size 1024K, 24 young (24576K), 4 survivors (4096K)
 Metaspace       used 54545K, committed 54784K, reserved 1114112K
  class space    used 6459K, committed 6528K, reserved 1048576K
}
Event: 3.605 GC heap after
{Heap after GC invocations=15 (full 0):
 garbage-first heap   total 82944K, used 44632K [0x0000000084000000, 0x0000000100000000)
  region size 1024K, 2 young (2048K), 2 survivors (2048K)
 Metaspace       used 54545K, committed 54784K, reserved 1114112K
  class space    used 6459K, committed 6528K, reserved 1048576K
}
Event: 3.787 GC heap before
{Heap before GC invocations=16 (full 0):
 garbage-first heap   total 82944K, used 63064K [0x0000000084000000, 0x0000000100000000)
  region size 1024K, 20 young (20480K), 2 survivors (2048K)
 Metaspace       used 56279K, committed 56512K, reserved 1114112K
  class space    used 6685K, committed 6784K, reserved 1048576K
}
Event: 3.792 GC heap after
{Heap after GC invocations=17 (full 0):
 garbage-first heap   total 82944K, used 46769K [0x0000000084000000, 0x0000000100000000)
  region size 1024K, 2 young (2048K), 2 survivors (2048K)
 Metaspace       used 56279K, committed 56512K, reserved 1114112K
  class space    used 6685K, committed 6784K, reserved 1048576K
}
Event: 3.832 GC heap before
{Heap before GC invocations=17 (full 0):
 garbage-first heap   total 82944K, used 48817K [0x0000000084000000, 0x0000000100000000)
  region size 1024K, 4 young (4096K), 2 survivors (2048K)
 Metaspace       used 56583K, committed 56768K, reserved 1114112K
  class space    used 6715K, committed 6784K, reserved 1048576K
}
Event: 3.846 GC heap after
{Heap after GC invocations=18 (full 0):
 garbage-first heap   total 109568K, used 44461K [0x0000000084000000, 0x0000000100000000)
  region size 1024K, 1 young (1024K), 1 survivors (1024K)
 Metaspace       used 56583K, committed 56768K, reserved 1114112K
  class space    used 6715K, committed 6784K, reserved 1048576K
}
Event: 4.548 GC heap before
{Heap before GC invocations=18 (full 0):
 garbage-first heap   total 109568K, used 82349K [0x0000000084000000, 0x0000000100000000)
  region size 1024K, 38 young (38912K), 1 survivors (1024K)
 Metaspace       used 64199K, committed 64448K, reserved 1114112K
  class space    used 7679K, committed 7808K, reserved 1048576K
}
Event: 4.558 GC heap after
{Heap after GC invocations=19 (full 0):
 garbage-first heap   total 109568K, used 48813K [0x0000000084000000, 0x0000000100000000)
  region size 1024K, 5 young (5120K), 5 survivors (5120K)
 Metaspace       used 64199K, committed 64448K, reserved 1114112K
  class space    used 7679K, committed 7808K, reserved 1048576K
}
Event: 5.056 GC heap before
{Heap before GC invocations=19 (full 0):
 garbage-first heap   total 109568K, used 84653K [0x0000000084000000, 0x0000000100000000)
  region size 1024K, 40 young (40960K), 5 survivors (5120K)
 Metaspace       used 69877K, committed 70144K, reserved 1114112K
  class space    used 8258K, committed 8384K, reserved 1048576K
}
Event: 5.066 GC heap after
{Heap after GC invocations=20 (full 0):
 garbage-first heap   total 109568K, used 53241K [0x0000000084000000, 0x0000000100000000)
  region size 1024K, 5 young (5120K), 5 survivors (5120K)
 Metaspace       used 69877K, committed 70144K, reserved 1114112K
  class space    used 8258K, committed 8384K, reserved 1048576K
}
Event: 5.535 GC heap before
{Heap before GC invocations=20 (full 0):
 garbage-first heap   total 109568K, used 84985K [0x0000000084000000, 0x0000000100000000)
  region size 1024K, 36 young (36864K), 5 survivors (5120K)
 Metaspace       used 76461K, committed 76736K, reserved 1179648K
  class space    used 8963K, committed 9088K, reserved 1048576K
}
Event: 5.546 GC heap after
{Heap after GC invocations=21 (full 0):
 garbage-first heap   total 109568K, used 55065K [0x0000000084000000, 0x0000000100000000)
  region size 1024K, 2 young (2048K), 2 survivors (2048K)
 Metaspace       used 76461K, committed 76736K, reserved 1179648K
  class space    used 8963K, committed 9088K, reserved 1048576K
}
Event: 5.907 GC heap before
{Heap before GC invocations=21 (full 0):
 garbage-first heap   total 109568K, used 87833K [0x0000000084000000, 0x0000000100000000)
  region size 1024K, 34 young (34816K), 2 survivors (2048K)
 Metaspace       used 77264K, committed 77568K, reserved 1179648K
  class space    used 9009K, committed 9152K, reserved 1048576K
}

