# JRE version: OpenJDK Runtime Environment (17.0.11) (build 17.0.11+0--11852314)
# Java VM: OpenJDK 64-Bit Server VM (17.0.11+0--11852314, mixed mode, tiered, compressed oops, compressed class ptrs, g1 gc, windows-amd64)
GC Precious Log:
 CPUs: 8 total, 8 available
 Memory: 7932M
 Large Page Support: Disabled
 NUMA Support: Disabled
 Compressed Oops: Enabled (32-bit)
 Heap Region Size: 1M
 Heap Min Capacity: 8M
 Heap Initial Capacity: 124M
 Heap Max Capacity: 1984M
 Pre-touch: Disabled
 Parallel Workers: 8
 Concurrent Workers: 2
 Concurrent Refinement Workers: 8
 Periodic GC: Disabled
Heap:
 garbage-first heap   total 126976K, used 48406K [0x0000000084000000, 0x0000000100000000)
  region size 1024K, 4 young (4096K), 4 survivors (4096K)
 Metaspace       used 60382K, committed 60608K, reserved 1114112K
  class space    used 7270K, committed 7360K, reserved 1048576K
GC Heap History (20 events):
Event: 1.030 GC heap after
{Heap after GC invocations=5 (full 0):
 garbage-first heap   total 40960K, used 11941K [0x0000000084000000, 0x0000000100000000)
  region size 1024K, 1 young (1024K), 1 survivors (1024K)
 Metaspace       used 28839K, committed 29056K, reserved 1114112K
  class space    used 3556K, committed 3648K, reserved 1048576K
}
Event: 1.167 GC heap before
{Heap before GC invocations=5 (full 0):
 garbage-first heap   total 40960K, used 33445K [0x0000000084000000, 0x0000000100000000)
  region size 1024K, 20 young (20480K), 1 survivors (1024K)
 Metaspace       used 31373K, committed 31488K, reserved 1114112K
  class space    used 4055K, committed 4096K, reserved 1048576K
}
Event: 1.174 GC heap after
{Heap after GC invocations=6 (full 0):
 garbage-first heap   total 40960K, used 17776K [0x0000000084000000, 0x0000000100000000)
  region size 1024K, 3 young (3072K), 3 survivors (3072K)
 Metaspace       used 31373K, committed 31488K, reserved 1114112K
  class space    used 4055K, committed 4096K, reserved 1048576K
}
Event: 1.307 GC heap before
{Heap before GC invocations=6 (full 0):
 garbage-first heap   total 40960K, used 31088K [0x0000000084000000, 0x0000000100000000)
  region size 1024K, 16 young (16384K), 3 survivors (3072K)
 Metaspace       used 34483K, committed 34752K, reserved 1114112K
  class space    used 4391K, committed 4544K, reserved 1048576K
}
Event: 1.312 GC heap after
{Heap after GC invocations=7 (full 0):
 garbage-first heap   total 81920K, used 17468K [0x0000000084000000, 0x0000000100000000)
  region size 1024K, 2 young (2048K), 2 survivors (2048K)
 Metaspace       used 34483K, committed 34752K, reserved 1114112K
  class space    used 4391K, committed 4544K, reserved 1048576K
}
Event: 1.372 GC heap before
{Heap before GC invocations=7 (full 0):
 garbage-first heap   total 81920K, used 23612K [0x0000000084000000, 0x0000000100000000)
  region size 1024K, 9 young (9216K), 2 survivors (2048K)
 Metaspace       used 35885K, committed 36096K, reserved 1114112K
  class space    used 4541K, committed 4672K, reserved 1048576K
}
Event: 1.375 GC heap after
{Heap after GC invocations=8 (full 0):
 garbage-first heap   total 81920K, used 18122K [0x0000000084000000, 0x0000000100000000)
  region size 1024K, 3 young (3072K), 3 survivors (3072K)
 Metaspace       used 35885K, committed 36096K, reserved 1114112K
  class space    used 4541K, committed 4672K, reserved 1048576K
}
Event: 1.776 GC heap before
{Heap before GC invocations=9 (full 0):
 garbage-first heap   total 68608K, used 56010K [0x0000000084000000, 0x0000000100000000)
  region size 1024K, 40 young (40960K), 3 survivors (3072K)
 Metaspace       used 44290K, committed 44480K, reserved 1114112K
  class space    used 5415K, committed 5504K, reserved 1048576K
}
Event: 1.781 GC heap after
{Heap after GC invocations=10 (full 0):
 garbage-first heap   total 68608K, used 21352K [0x0000000084000000, 0x0000000100000000)
  region size 1024K, 5 young (5120K), 5 survivors (5120K)
 Metaspace       used 44290K, committed 44480K, reserved 1114112K
  class space    used 5415K, committed 5504K, reserved 1048576K
}
Event: 2.024 GC heap before
{Heap before GC invocations=10 (full 0):
 garbage-first heap   total 68608K, used 53096K [0x0000000084000000, 0x0000000100000000)
  region size 1024K, 33 young (33792K), 5 survivors (5120K)
 Metaspace       used 47208K, committed 47424K, reserved 1114112K
  class space    used 5761K, committed 5824K, reserved 1048576K
}
Event: 2.035 GC heap after
{Heap after GC invocations=11 (full 0):
 garbage-first heap   total 68608K, used 29423K [0x0000000084000000, 0x0000000100000000)
  region size 1024K, 5 young (5120K), 5 survivors (5120K)
 Metaspace       used 47208K, committed 47424K, reserved 1114112K
  class space    used 5761K, committed 5824K, reserved 1048576K
}
Event: 2.166 GC heap before
{Heap before GC invocations=11 (full 0):
 garbage-first heap   total 68608K, used 49903K [0x0000000084000000, 0x0000000100000000)
  region size 1024K, 25 young (25600K), 5 survivors (5120K)
 Metaspace       used 48733K, committed 48896K, reserved 1114112K
  class space    used 5928K, committed 6016K, reserved 1048576K
}
Event: 2.173 GC heap after
{Heap after GC invocations=12 (full 0):
 garbage-first heap   total 90112K, used 32927K [0x0000000084000000, 0x0000000100000000)
  region size 1024K, 3 young (3072K), 3 survivors (3072K)
 Metaspace       used 48733K, committed 48896K, reserved 1114112K
  class space    used 5928K, committed 6016K, reserved 1048576K
}
Event: 2.705 GC heap before
{Heap before GC invocations=12 (full 0):
 garbage-first heap   total 90112K, used 66719K [0x0000000084000000, 0x0000000100000000)
  region size 1024K, 36 young (36864K), 3 survivors (3072K)
 Metaspace       used 52701K, committed 52928K, reserved 1114112K
  class space    used 6303K, committed 6400K, reserved 1048576K
}
Event: 2.715 GC heap after
{Heap after GC invocations=13 (full 0):
 garbage-first heap   total 90112K, used 38164K [0x0000000084000000, 0x0000000100000000)
  region size 1024K, 5 young (5120K), 5 survivors (5120K)
 Metaspace       used 52701K, committed 52928K, reserved 1114112K
  class space    used 6303K, committed 6400K, reserved 1048576K
}
Event: 3.022 GC heap before
{Heap before GC invocations=13 (full 0):
 garbage-first heap   total 90112K, used 67860K [0x0000000084000000, 0x0000000100000000)
  region size 1024K, 34 young (34816K), 5 survivors (5120K)
 Metaspace       used 53408K, committed 53696K, reserved 1114112K
  class space    used 6336K, committed 6464K, reserved 1048576K
}
Event: 3.039 GC heap after
{Heap after GC invocations=14 (full 0):
 garbage-first heap   total 90112K, used 43704K [0x0000000084000000, 0x0000000100000000)
  region size 1024K, 5 young (5120K), 5 survivors (5120K)
 Metaspace       used 53408K, committed 53696K, reserved 1114112K
  class space    used 6336K, committed 6464K, reserved 1048576K
}
Event: 3.232 GC heap before
{Heap before GC invocations=14 (full 0):
 garbage-first heap   total 90112K, used 67256K [0x0000000084000000, 0x0000000100000000)
  region size 1024K, 29 young (29696K), 5 survivors (5120K)
 Metaspace       used 56007K, committed 56192K, reserved 1114112K
  class space    used 6642K, committed 6720K, reserved 1048576K
}
Event: 3.241 GC heap after
{Heap after GC invocations=15 (full 0):
 garbage-first heap   total 90112K, used 45833K [0x0000000084000000, 0x0000000100000000)
  region size 1024K, 2 young (2048K), 2 survivors (2048K)
 Metaspace       used 56007K, committed 56192K, reserved 1114112K
  class space    used 6642K, committed 6720K, reserved 1048576K
}
Event: 3.615 GC heap before
{Heap before GC invocations=15 (full 0):
 garbage-first heap   total 90112K, used 66313K [0x0000000084000000, 0x0000000100000000)
  region size 1024K, 24 young (24576K), 2 survivors (2048K)
 Metaspace       used 60382K, committed 60608K, reserved 1114112K
  class space    used 7270K, committed 7360K, reserved 1048576K
}

